FILE_TYPE=LIBRARY_PARTS;
PRIMITIVE 'LM1117T_3.3','LM1117T_3.3_Other';
  PIN
    'ADJ/GND':
      PIN_NUMBER='(1)';
      NO_LOAD_CHECK=BOTH;
      NO_IO_CHECK=BOTH;
      ALLOW_CONNECT=TRUE;
      PINUSE='UNSPEC';
    'OUT':
      PIN_NUMBER='(2)';
      NO_LOAD_CHECK=BOTH;
      NO_IO_CHECK=BOTH;
      ALLOW_CONNECT=TRUE;
      PINUSE='UNSPEC';
    'IN':
      PIN_NUMBER='(3)';
      NO_LOAD_CHECK=BOTH;
      NO_IO_CHECK=BOTH;
      ALLOW_CONNECT=TRUE;
      PINUSE='UNSPEC';
  END_PIN;
  BODY
    PART_NAME='LM1117T_3.3';
    PHYS_DES_PREFIX='IC';
    NO_LOAD_CHECK='TRUE';
    PIN_COUNT='3';
    BODY_NAME='LM1117T_3.3';
    JEDEC_TYPE='TO254P470X1016X2222-3P';
  END_BODY;
END_PRIMITIVE;
END.
