FILE_TYPE=LIBRARY_PARTS;
PRIMITIVE 'B72210S1140K501','B72210S1140K501_Other';
  PIN
    '1':
      PIN_NUMBER='(1)';
      NO_LOAD_CHECK=BOTH;
      NO_IO_CHECK=BOTH;
      ALLOW_CONNECT=TRUE;
      PINUSE='UNSPEC';
    '2':
      PIN_NUMBER='(2)';
      NO_LOAD_CHECK=BOTH;
      NO_IO_CHECK=BOTH;
      ALLOW_CONNECT=TRUE;
      PINUSE='UNSPEC';
  END_PIN;
  BODY
    PART_NAME='B72210S1140K501';
    PHYS_DES_PREFIX='RV';
    NO_LOAD_CHECK='TRUE';
    PIN_COUNT='2';
    BODY_NAME='B72210S1140K501';
    JEDEC_TYPE='B72210S1140K501';
  END_BODY;
END_PRIMITIVE;
END.
